<?xml version="1.0" encoding="UTF-8"?>
<!-- Generated by org.testng.reporters.JUnitReportReporter -->
<testsuite hostname="LAPTOP-D0G4RM9N" failures="0" tests="1" name="RegisterUser" time="65.201" errors="0" timestamp="20 Nov 2024 13:02:22 GMT" skipped="0">
  <testcase classname="RegisterUser" name="RegisterUser" time="65.201"/>
</testsuite> <!-- RegisterUser -->
