<?xml version="1.0" encoding="UTF-8"?>
<!-- Generated by org.testng.reporters.JUnitReportReporter -->
<testsuite hostname="LAPTOP-D0G4RM9N" failures="0" tests="1" name="Fitpeo_Automation2" time="7.499" errors="0" timestamp="26 Nov 2024 17:53:25 GMT" skipped="0">
  <testcase classname="Fitpeo_Automation2" name="Fitpeo_Automation" time="7.499"/>
</testsuite> <!-- Fitpeo_Automation2 -->
