<?xml version="1.0" encoding="UTF-8"?>
<!-- Generated by org.testng.reporters.JUnitReportReporter -->
<testsuite hostname="LAPTOP-D0G4RM9N" failures="0" tests="1" name="Fitpeo_Automation3" time="8.558" errors="0" timestamp="26 Nov 2024 20:05:28 GMT" skipped="0">
  <testcase classname="Fitpeo_Automation3" name="Fitpeo_Automation" time="8.558"/>
</testsuite> <!-- Fitpeo_Automation3 -->
